<?xml version="1.0" encoding="UTF-8"?>
<!-- Generated by org.testng.reporters.JUnitXMLReporter -->
<testsuite ignored="0" hostname="LAPTOP-DSLKJPNV" failures="0" tests="3" name="RunSmokeGroup" time="0.366" errors="0" timestamp="2025-02-03T10:50:28 IST">
  <testcase classname="test.DependOnMethods" name="logIn" time="0.082"/>
  <testcase classname="test.DependOnMethods" name="Executed" time="0.002"/>
  <testcase classname="test.DependOnMethods" name="logOff" time="0.01"/>
</testsuite> <!-- RunSmokeGroup -->
