<?xml version="1.0" encoding="UTF-8"?>
<!-- Generated by org.testng.reporters.JUnitXMLReporter -->
<testsuite ignored="1" hostname="LAPTOP-DSLKJPNV" failures="0" tests="2" name="RunSmokeGroup" time="0.114" errors="0" timestamp="2025-01-23T10:26:11 IST">
  <testcase classname="test.DayEnableAnnotation" name="Day1" time="0.016"/>
  <testcase classname="test.DayEnableAnnotation" name="Day3" time="0.006"/>
  <testcase classname="test.DayEnableAnnotation" name="Day2" time="0.0">
    <ignored/>
  </testcase> <!-- Day2 -->
</testsuite> <!-- RunSmokeGroup -->
