<?xml version="1.0" encoding="UTF-8"?>
<!-- Generated by org.testng.reporters.JUnitXMLReporter -->
<testsuite ignored="2" hostname="LAPTOP-DSLKJPNV" failures="0" tests="2" name="Test" time="0.085" errors="0" timestamp="2025-01-22T15:55:25 IST">
  <testcase classname="test.Day4" name="smoke1" time="0.012"/>
  <testcase classname="test.Day4" name="smoke2" time="0.002"/>
  <testcase classname="test.Day4" name="regression" time="0.0">
    <ignored/>
  </testcase> <!-- regression -->
  <testcase classname="test.Day4" name="regression1" time="0.0">
    <ignored/>
  </testcase> <!-- regression1 -->
</testsuite> <!-- Test -->
