<?xml version="1.0" encoding="UTF-8"?>
<!-- Generated by org.testng.reporters.JUnitXMLReporter -->
<testsuite ignored="0" hostname="LAPTOP-DSLKJPNV" failures="0" tests="4" name="Annotationpractice" time="0.12" errors="0" timestamp="2025-01-21T19:49:40 IST">
  <testcase classname="test.Day3" name="levelLead" time="0.009"/>
  <testcase classname="test.Day3" name="levelManager" time="0.011"/>
  <testcase classname="test.Day3" name="projectGroup" time="0.008"/>
  <testcase classname="test.Day3" name="teamMember" time="0.008"/>
</testsuite> <!-- Annotationpractice -->
