<?xml version="1.0" encoding="UTF-8"?>
<!-- Generated by org.testng.reporters.JUnitXMLReporter -->
<testsuite ignored="0" hostname="LAPTOP-DSLKJPNV" failures="0" tests="7" name="Test" time="0.196" errors="0" timestamp="2025-01-21T15:37:36 IST">
  <testcase classname="test.day1" name="Demo" time="0.015"/>
  <testcase classname="test.day1" name="Second" time="0.002"/>
  <testcase classname="test.Day2" name="carLoan" time="0.019"/>
  <testcase classname="test.Day2" name="homeLoan" time="0.013"/>
  <testcase classname="test.Day3" name="levelLead" time="0.003"/>
  <testcase classname="test.Day3" name="levelManager" time="0.014"/>
  <testcase classname="test.Day3" name="teamMember" time="0.003"/>
</testsuite> <!-- Test -->
