<?xml version="1.0" encoding="UTF-8"?>
<!-- Generated by org.testng.reporters.JUnitXMLReporter -->
<testsuite ignored="0" hostname="LAPTOP-DSLKJPNV" failures="1" tests="4" name="TestExample" time="0.103" errors="0" timestamp="2025-01-23T20:05:21 IST">
  <testcase classname="test.Day3" name="levelLead" time="0.011"/>
  <testcase classname="test.Day3" name="levelManager" time="0.002"/>
  <testcase classname="test.Day3" name="projectGroup" time="0.002"/>
  <testcase classname="test.Day3" name="teamMember" time="0.003">
    <failure type="java.lang.AssertionError" message="expected [true] but found [false]">
      <![CDATA[java.lang.AssertionError: expected [true] but found [false]
at test.Day3.teamMember(Day3.java:43)
at java.base/java.util.ArrayList.forEach(ArrayList.java:1511)
... Removed 31 stack frames]]>
    </failure>
  </testcase> <!-- teamMember -->
</testsuite> <!-- TestExample -->
