<?xml version="1.0" encoding="UTF-8"?>
<testng-results ignored="0" total="2" passed="2" failed="0" skipped="0">
  <reporter-output>
  </reporter-output>
  <suite started-at="2025-02-03T16:58:07 IST" name="Default suite" finished-at="2025-02-03T16:58:07 IST" duration-ms="84">
    <groups>
    </groups>
    <test started-at="2025-02-03T16:58:07 IST" name="Default test" finished-at="2025-02-03T16:58:07 IST" duration-ms="84">
      <class name="test.Day5">
        <test-method is-config="true" signature="beforeEveryMothod()[pri:0, instance:test.Day5@747edf66]" started-at="2025-02-03T16:58:07 IST" name="beforeEveryMothod" finished-at="2025-02-03T16:58:07 IST" duration-ms="7" status="PASS">
          <reporter-output>
          </reporter-output>
        </test-method> <!-- beforeEveryMothod -->
        <test-method signature="levelLead()[pri:0, instance:test.Day5@747edf66]" started-at="2025-02-03T16:58:07 IST" name="levelLead" finished-at="2025-02-03T16:58:07 IST" duration-ms="8" status="PASS">
          <reporter-output>
          </reporter-output>
        </test-method> <!-- levelLead -->
        <test-method is-config="true" signature="beforeEveryMothod()[pri:0, instance:test.Day5@747edf66]" started-at="2025-02-03T16:58:07 IST" name="beforeEveryMothod" finished-at="2025-02-03T16:58:07 IST" duration-ms="0" status="PASS">
          <reporter-output>
          </reporter-output>
        </test-method> <!-- beforeEveryMothod -->
        <test-method signature="levelManager()[pri:0, instance:test.Day5@747edf66]" started-at="2025-02-03T16:58:07 IST" name="levelManager" finished-at="2025-02-03T16:58:07 IST" duration-ms="2" status="PASS">
          <reporter-output>
          </reporter-output>
        </test-method> <!-- levelManager -->
      </class> <!-- test.Day5 -->
    </test> <!-- Default test -->
  </suite> <!-- Default suite -->
</testng-results>
