<?xml version="1.0" encoding="UTF-8"?>
<testng-results ignored="0" total="3" passed="3" failed="0" skipped="0">
  <reporter-output>
  </reporter-output>
  <suite started-at="2025-02-03T10:50:28 IST" name="TestNGGroups" finished-at="2025-02-03T10:50:28 IST" duration-ms="366">
    <groups>
    </groups>
    <test started-at="2025-02-03T10:50:28 IST" name="RunSmokeGroup" finished-at="2025-02-03T10:50:28 IST" duration-ms="366">
      <class name="test.DependOnMethods">
        <test-method signature="logIn()[pri:0, instance:test.DependOnMethods@49dc7102]" started-at="2025-02-03T10:50:28 IST" name="logIn" finished-at="2025-02-03T10:50:28 IST" duration-ms="82" status="PASS">
          <reporter-output>
          </reporter-output>
        </test-method> <!-- logIn -->
        <test-method signature="Executed()[pri:0, instance:test.DependOnMethods@49dc7102]" started-at="2025-02-03T10:50:28 IST" name="Executed" finished-at="2025-02-03T10:50:28 IST" depends-on-methods="test.DependOnMethods.logIn" duration-ms="2" status="PASS">
          <reporter-output>
          </reporter-output>
        </test-method> <!-- Executed -->
        <test-method signature="logOff()[pri:0, instance:test.DependOnMethods@49dc7102]" started-at="2025-02-03T10:50:28 IST" name="logOff" finished-at="2025-02-03T10:50:28 IST" depends-on-methods="test.DependOnMethods.logIn, test.DependOnMethods.Executed" duration-ms="10" status="PASS">
          <reporter-output>
          </reporter-output>
        </test-method> <!-- logOff -->
      </class> <!-- test.DependOnMethods -->
    </test> <!-- RunSmokeGroup -->
  </suite> <!-- TestNGGroups -->
</testng-results>
